# JRE version: Java(TM) SE Runtime Environment (17.0.9+11) (build 17.0.9+11-LTS-201)
# Java VM: Java HotSpot(TM) 64-Bit Server VM (17.0.9+11-LTS-201, mixed mode, emulated-client, sharing, tiered, compressed oops, compressed class ptrs, g1 gc, bsd-amd64)
GC Precious Log:
 CPUs: 4 total, 4 available
 Memory: 16384M
 Large Page Support: Disabled
 NUMA Support: Disabled
 Compressed Oops: Enabled (Zero based)
 Heap Region Size: 2M
 Heap Min Capacity: 8M
 Heap Initial Capacity: 256M
 Heap Max Capacity: 4G
 Pre-touch: Disabled
 Parallel Workers: 4
 Concurrent Workers: 1
 Concurrent Refinement Workers: 4
 Periodic GC: Disabled
Heap:
 garbage-first heap   total 110592K, used 74261K [0x0000000700000000, 0x0000000800000000)
  region size 2048K, 23 young (47104K), 2 survivors (4096K)
 Metaspace       used 31946K, committed 32320K, reserved 1114112K
  class space    used 4304K, committed 4480K, reserved 1048576K
GC Heap History (16 events):
Event: 9.180 GC heap before
{Heap before GC invocations=0 (full 0):
 garbage-first heap   total 266240K, used 18392K [0x0000000700000000, 0x0000000800000000)
  region size 2048K, 6 young (12288K), 0 survivors (0K)
 Metaspace       used 637K, committed 832K, reserved 1114112K
  class space    used 51K, committed 128K, reserved 1048576K
}
Event: 9.192 GC heap after
{Heap after GC invocations=1 (full 0):
 garbage-first heap   total 266240K, used 12781K [0x0000000700000000, 0x0000000800000000)
  region size 2048K, 1 young (2048K), 1 survivors (2048K)
 Metaspace       used 637K, committed 832K, reserved 1114112K
  class space    used 51K, committed 128K, reserved 1048576K
}
Event: 15.031 GC heap before
{Heap before GC invocations=1 (full 0):
 garbage-first heap   total 266240K, used 20973K [0x0000000700000000, 0x0000000800000000)
  region size 2048K, 6 young (12288K), 1 survivors (2048K)
 Metaspace       used 646K, committed 832K, reserved 1114112K
  class space    used 53K, committed 128K, reserved 1048576K
}
Event: 15.041 GC heap after
{Heap after GC invocations=2 (full 0):
 garbage-first heap   total 266240K, used 20550K [0x0000000700000000, 0x0000000800000000)
  region size 2048K, 1 young (2048K), 1 survivors (2048K)
 Metaspace       used 646K, committed 832K, reserved 1114112K
  class space    used 53K, committed 128K, reserved 1048576K
}
Event: 21.201 GC heap before
{Heap before GC invocations=2 (full 0):
 garbage-first heap   total 266240K, used 34886K [0x0000000700000000, 0x0000000800000000)
  region size 2048K, 8 young (16384K), 1 survivors (2048K)
 Metaspace       used 6264K, committed 6400K, reserved 1114112K
  class space    used 756K, committed 832K, reserved 1048576K
}
Event: 21.204 GC heap after
{Heap after GC invocations=3 (full 0):
 garbage-first heap   total 266240K, used 22451K [0x0000000700000000, 0x0000000800000000)
  region size 2048K, 1 young (2048K), 1 survivors (2048K)
 Metaspace       used 6264K, committed 6400K, reserved 1114112K
  class space    used 756K, committed 832K, reserved 1048576K
}
Event: 26.213 GC heap before
{Heap before GC invocations=3 (full 0):
 garbage-first heap   total 266240K, used 55219K [0x0000000700000000, 0x0000000800000000)
  region size 2048K, 18 young (36864K), 1 survivors (2048K)
 Metaspace       used 12822K, committed 13056K, reserved 1114112K
  class space    used 1733K, committed 1792K, reserved 1048576K
}
Event: 26.220 GC heap after
{Heap after GC invocations=4 (full 0):
 garbage-first heap   total 266240K, used 24289K [0x0000000700000000, 0x0000000800000000)
  region size 2048K, 2 young (4096K), 2 survivors (4096K)
 Metaspace       used 12822K, committed 13056K, reserved 1114112K
  class space    used 1733K, committed 1792K, reserved 1048576K
}
Event: 29.902 GC heap before
{Heap before GC invocations=4 (full 0):
 garbage-first heap   total 266240K, used 87777K [0x0000000700000000, 0x0000000800000000)
  region size 2048K, 34 young (69632K), 2 survivors (4096K)
 Metaspace       used 21253K, committed 21504K, reserved 1114112K
  class space    used 2810K, committed 2944K, reserved 1048576K
}
Event: 30.025 GC heap after
{Heap after GC invocations=5 (full 0):
 garbage-first heap   total 266240K, used 27851K [0x0000000700000000, 0x0000000800000000)
  region size 2048K, 4 young (8192K), 4 survivors (8192K)
 Metaspace       used 21253K, committed 21504K, reserved 1114112K
  class space    used 2810K, committed 2944K, reserved 1048576K
}
Event: 41.360 GC heap before
{Heap before GC invocations=6 (full 0):
 garbage-first heap   total 110592K, used 85195K [0x0000000700000000, 0x0000000800000000)
  region size 2048K, 32 young (65536K), 4 survivors (8192K)
 Metaspace       used 25873K, committed 26176K, reserved 1114112K
  class space    used 3412K, committed 3584K, reserved 1048576K
}
Event: 41.408 GC heap after
{Heap after GC invocations=7 (full 0):
 garbage-first heap   total 110592K, used 31756K [0x0000000700000000, 0x0000000800000000)
  region size 2048K, 4 young (8192K), 4 survivors (8192K)
 Metaspace       used 25873K, committed 26176K, reserved 1114112K
  class space    used 3412K, committed 3584K, reserved 1048576K
}
Event: 42.080 GC heap before
{Heap before GC invocations=7 (full 0):
 garbage-first heap   total 110592K, used 33804K [0x0000000700000000, 0x0000000800000000)
  region size 2048K, 5 young (10240K), 4 survivors (8192K)
 Metaspace       used 25908K, committed 26176K, reserved 1114112K
  class space    used 3418K, committed 3584K, reserved 1048576K
}
Event: 42.146 GC heap after
{Heap after GC invocations=8 (full 0):
 garbage-first heap   total 110592K, used 32226K [0x0000000700000000, 0x0000000800000000)
  region size 2048K, 1 young (2048K), 1 survivors (2048K)
 Metaspace       used 25908K, committed 26176K, reserved 1114112K
  class space    used 3418K, committed 3584K, reserved 1048576K
}
Event: 51.696 GC heap before
{Heap before GC invocations=8 (full 0):
 garbage-first heap   total 110592K, used 77282K [0x0000000700000000, 0x0000000800000000)
  region size 2048K, 23 young (47104K), 1 survivors (2048K)
 Metaspace       used 28763K, committed 29056K, reserved 1114112K
  class space    used 3809K, committed 3968K, reserved 1048576K
}
Event: 51.738 GC heap after
{Heap after GC invocations=9 (full 0):
 garbage-first heap   total 110592K, used 33301K [0x0000000700000000, 0x0000000800000000)
  region size 2048K, 2 young (4096K), 2 survivors (4096K)
 Metaspace       used 28763K, committed 29056K, reserved 1114112K
  class space    used 3809K, committed 3968K, reserved 1048576K
}

