# JRE version: Java(TM) SE Runtime Environment (17.0.9+11) (build 17.0.9+11-LTS-201)
# Java VM: Java HotSpot(TM) 64-Bit Server VM (17.0.9+11-LTS-201, mixed mode, emulated-client, sharing, tiered, compressed oops, compressed class ptrs, g1 gc, bsd-amd64)
GC Precious Log:
 CPUs: 4 total, 4 available
 Memory: 16384M
 Large Page Support: Disabled
 NUMA Support: Disabled
 Compressed Oops: Enabled (Zero based)
 Heap Region Size: 2M
 Heap Min Capacity: 8M
 Heap Initial Capacity: 256M
 Heap Max Capacity: 4G
 Pre-touch: Disabled
 Parallel Workers: 4
 Concurrent Workers: 1
 Concurrent Refinement Workers: 4
 Periodic GC: Disabled
Heap:
 garbage-first heap   total 90112K, used 33645K [0x0000000700000000, 0x0000000800000000)
  region size 2048K, 4 young (8192K), 2 survivors (4096K)
 Metaspace       used 32398K, committed 32768K, reserved 1114112K
  class space    used 4369K, committed 4544K, reserved 1048576K
GC Heap History (18 events):
Event: 17.729 GC heap before
{Heap before GC invocations=0 (full 0):
 garbage-first heap   total 266240K, used 14296K [0x0000000700000000, 0x0000000800000000)
  region size 2048K, 6 young (12288K), 0 survivors (0K)
 Metaspace       used 636K, committed 832K, reserved 1114112K
  class space    used 51K, committed 128K, reserved 1048576K
}
Event: 17.745 GC heap after
{Heap after GC invocations=1 (full 0):
 garbage-first heap   total 266240K, used 9298K [0x0000000700000000, 0x0000000800000000)
  region size 2048K, 1 young (2048K), 1 survivors (2048K)
 Metaspace       used 636K, committed 832K, reserved 1114112K
  class space    used 51K, committed 128K, reserved 1048576K
}
Event: 34.164 GC heap before
{Heap before GC invocations=1 (full 0):
 garbage-first heap   total 266240K, used 17490K [0x0000000700000000, 0x0000000800000000)
  region size 2048K, 6 young (12288K), 1 survivors (2048K)
 Metaspace       used 637K, committed 832K, reserved 1114112K
  class space    used 51K, committed 128K, reserved 1048576K
}
Event: 34.172 GC heap after
{Heap after GC invocations=2 (full 0):
 garbage-first heap   total 266240K, used 15998K [0x0000000700000000, 0x0000000800000000)
  region size 2048K, 1 young (2048K), 1 survivors (2048K)
 Metaspace       used 637K, committed 832K, reserved 1114112K
  class space    used 51K, committed 128K, reserved 1048576K
}
Event: 42.700 GC heap before
{Heap before GC invocations=2 (full 0):
 garbage-first heap   total 266240K, used 28286K [0x0000000700000000, 0x0000000800000000)
  region size 2048K, 8 young (16384K), 1 survivors (2048K)
 Metaspace       used 6145K, committed 6336K, reserved 1114112K
  class space    used 735K, committed 832K, reserved 1048576K
}
Event: 42.711 GC heap after
{Heap after GC invocations=3 (full 0):
 garbage-first heap   total 266240K, used 18334K [0x0000000700000000, 0x0000000800000000)
  region size 2048K, 1 young (2048K), 1 survivors (2048K)
 Metaspace       used 6145K, committed 6336K, reserved 1114112K
  class space    used 735K, committed 832K, reserved 1048576K
}
Event: 45.643 GC heap before
{Heap before GC invocations=3 (full 0):
 garbage-first heap   total 266240K, used 38814K [0x0000000700000000, 0x0000000800000000)
  region size 2048K, 11 young (22528K), 1 survivors (2048K)
 Metaspace       used 10353K, committed 10624K, reserved 1114112K
  class space    used 1353K, committed 1472K, reserved 1048576K
}
Event: 45.650 GC heap after
{Heap after GC invocations=4 (full 0):
 garbage-first heap   total 266240K, used 19628K [0x0000000700000000, 0x0000000800000000)
  region size 2048K, 2 young (4096K), 2 survivors (4096K)
 Metaspace       used 10353K, committed 10624K, reserved 1114112K
  class space    used 1353K, committed 1472K, reserved 1048576K
}
Event: 51.665 GC heap before
{Heap before GC invocations=4 (full 0):
 garbage-first heap   total 266240K, used 95404K [0x0000000700000000, 0x0000000800000000)
  region size 2048K, 41 young (83968K), 2 survivors (4096K)
 Metaspace       used 21283K, committed 21504K, reserved 1114112K
  class space    used 2810K, committed 2944K, reserved 1048576K
}
Event: 51.785 GC heap after
{Heap after GC invocations=5 (full 0):
 garbage-first heap   total 266240K, used 23945K [0x0000000700000000, 0x0000000800000000)
  region size 2048K, 4 young (8192K), 4 survivors (8192K)
 Metaspace       used 21283K, committed 21504K, reserved 1114112K
  class space    used 2810K, committed 2944K, reserved 1048576K
}
Event: 60.757 GC heap before
{Heap before GC invocations=6 (full 0):
 garbage-first heap   total 90112K, used 71049K [0x0000000700000000, 0x0000000800000000)
  region size 2048K, 28 young (57344K), 4 survivors (8192K)
 Metaspace       used 25377K, committed 25728K, reserved 1114112K
  class space    used 3358K, committed 3520K, reserved 1048576K
}
Event: 60.799 GC heap after
{Heap after GC invocations=7 (full 0):
 garbage-first heap   total 90112K, used 27312K [0x0000000700000000, 0x0000000800000000)
  region size 2048K, 6 young (12288K), 6 survivors (12288K)
 Metaspace       used 25377K, committed 25728K, reserved 1114112K
  class space    used 3358K, committed 3520K, reserved 1048576K
}
Event: 66.150 GC heap before
{Heap before GC invocations=7 (full 0):
 garbage-first heap   total 90112K, used 60080K [0x0000000700000000, 0x0000000800000000)
  region size 2048K, 22 young (45056K), 6 survivors (12288K)
 Metaspace       used 26634K, committed 26944K, reserved 1114112K
  class space    used 3527K, committed 3712K, reserved 1048576K
}
Event: 66.292 GC heap after
{Heap after GC invocations=8 (full 0):
 garbage-first heap   total 90112K, used 29426K [0x0000000700000000, 0x0000000800000000)
  region size 2048K, 3 young (6144K), 3 survivors (6144K)
 Metaspace       used 26634K, committed 26944K, reserved 1114112K
  class space    used 3527K, committed 3712K, reserved 1048576K
}
Event: 74.916 GC heap before
{Heap before GC invocations=8 (full 0):
 garbage-first heap   total 90112K, used 64242K [0x0000000700000000, 0x0000000800000000)
  region size 2048K, 20 young (40960K), 3 survivors (6144K)
 Metaspace       used 29260K, committed 29568K, reserved 1114112K
  class space    used 3892K, committed 4032K, reserved 1048576K
}
Event: 74.944 GC heap after
{Heap after GC invocations=9 (full 0):
 garbage-first heap   total 90112K, used 29623K [0x0000000700000000, 0x0000000800000000)
  region size 2048K, 2 young (4096K), 2 survivors (4096K)
 Metaspace       used 29260K, committed 29568K, reserved 1114112K
  class space    used 3892K, committed 4032K, reserved 1048576K
}
Event: 83.640 GC heap before
{Heap before GC invocations=9 (full 0):
 garbage-first heap   total 90112K, used 66487K [0x0000000700000000, 0x0000000800000000)
  region size 2048K, 20 young (40960K), 2 survivors (4096K)
 Metaspace       used 31797K, committed 32128K, reserved 1114112K
  class space    used 4290K, committed 4480K, reserved 1048576K
}
Event: 83.654 GC heap after
{Heap after GC invocations=10 (full 0):
 garbage-first heap   total 90112K, used 31597K [0x0000000700000000, 0x0000000800000000)
  region size 2048K, 2 young (4096K), 2 survivors (4096K)
 Metaspace       used 31797K, committed 32128K, reserved 1114112K
  class space    used 4290K, committed 4480K, reserved 1048576K
}

